2026-05-08 02:02:04 ----------
2026-05-08 02:02:04 Inscription : tel=29839200, formation=Découverte IA
2026-05-08 02:02:04 SKIP : enabled=false dans Model/config/whatsapp.php -> passer a true et renseigner le provider.
2026-05-08 02:02:47 ----------
2026-05-08 02:02:47 Inscription : tel=29839200, formation=communication professionelle
2026-05-08 02:02:47 SKIP : enabled=false dans Model/config/whatsapp.php -> passer a true et renseigner le provider.
2026-05-08 02:03:00 ----------
2026-05-08 02:03:00 Inscription : tel=29839200, formation=securite
2026-05-08 02:03:00 SKIP : enabled=false dans Model/config/whatsapp.php -> passer a true et renseigner le provider.
2026-05-08 02:42:40 ----------
2026-05-08 02:42:40 Inscription : tel=29839200, formation=Découverte IA
2026-05-08 02:42:40 SKIP : enabled=false dans Model/config/whatsapp.php -> passer a true et renseigner le provider.
2026-05-08 16:54:03 ----------
2026-05-08 16:54:03 Inscription : tel=29839200, formation=communication professionelle
2026-05-08 16:54:03 SKIP : enabled=false dans Model/config/whatsapp.php -> passer a true et renseigner le provider.
2026-05-08 16:54:57 ----------
2026-05-08 16:54:57 Inscription : tel=29839200, formation=Découverte IA
2026-05-08 16:54:57 SKIP : enabled=false dans Model/config/whatsapp.php -> passer a true et renseigner le provider.
2026-05-08 17:11:54 ----------
2026-05-08 17:11:54 Inscription : tel=29839200, formation=communication professionelle
2026-05-08 17:11:54 SKIP : enabled=false dans Model/config/whatsapp.php -> passer a true et renseigner le provider.
2026-05-08 17:13:21 ----------
2026-05-08 17:13:21 Inscription : tel=29839200, formation=securiteee
2026-05-08 17:13:21 SKIP : enabled=false dans Model/config/whatsapp.php -> passer a true et renseigner le provider.
2026-05-08 17:14:48 ----------
2026-05-08 17:14:48 Inscription : tel=29839200, formation=securite
2026-05-08 17:14:48 SKIP : enabled=false dans Model/config/whatsapp.php -> passer a true et renseigner le provider.
